# JRE version: Java(TM) SE Runtime Environment (24.0.1+9) (build 24.0.1+9-30)
# Java VM: Java HotSpot(TM) 64-Bit Server VM (24.0.1+9-30, mixed mode, sharing, tiered, compressed oops, compressed class ptrs, g1 gc, windows-amd64)
GC Precious Log:
 CardTable entry size: 512
 Card Set container configuration: InlinePtr #cards 4 size 8 Array Of Cards #cards 32 size 80 Howl #buckets 8 coarsen threshold 7372 Howl Bitmap #cards 1024 size 144 coarsen threshold 921 Card regions per heap region 1 cards per card region 8192
 CPUs: 8 total, 8 available
 Memory: 8002M
 Large Page Support: Disabled
 NUMA Support: Disabled
 Compressed Oops: Enabled (Zero based)
 Heap Region Size: 4M
 Heap Min Capacity: 8M
 Heap Initial Capacity: 128M
 Heap Max Capacity: 8G
 Pre-touch: Disabled
 Parallel Workers: 8
 Concurrent Workers: 2
 Concurrent Refinement Workers: 8
 Periodic GC: Disabled
Heap:
 garbage-first heap   total reserved 8388608K, committed 1146880K, used 273401K [0x0000000600000000, 0x0000000800000000)
  region size 4096K, 2 young (8192K), 2 survivors (8192K)
 Metaspace       used 170306K, committed 173120K, reserved 1245184K
  class space    used 18245K, committed 19584K, reserved 1048576K
GC Heap History (20 events):
Event: 359.950 GC heap after
{Heap after GC invocations=58 (full 0):
 garbage-first heap   total reserved 8388608K, committed 1146880K, used 224962K [0x0000000600000000, 0x0000000800000000)
  region size 4096K, 1 young (4096K), 1 survivors (4096K)
 Metaspace       used 155710K, committed 158464K, reserved 1245184K
  class space    used 16751K, committed 18048K, reserved 1048576K
}
Event: 363.557 GC heap before
{Heap before GC invocations=58 (full 0):
 garbage-first heap   total reserved 8388608K, committed 1146880K, used 274114K [0x0000000600000000, 0x0000000800000000)
  region size 4096K, 14 young (57344K), 1 survivors (4096K)
 Metaspace       used 156275K, committed 158976K, reserved 1245184K
  class space    used 16751K, committed 18048K, reserved 1048576K
}
Event: 363.580 GC heap after
{Heap after GC invocations=59 (full 0):
 garbage-first heap   total reserved 8388608K, committed 1146880K, used 232590K [0x0000000600000000, 0x0000000800000000)
  region size 4096K, 2 young (8192K), 2 survivors (8192K)
 Metaspace       used 156275K, committed 158976K, reserved 1245184K
  class space    used 16751K, committed 18048K, reserved 1048576K
}
Event: 366.368 GC heap before
{Heap before GC invocations=59 (full 0):
 garbage-first heap   total reserved 8388608K, committed 1146880K, used 281742K [0x0000000600000000, 0x0000000800000000)
  region size 4096K, 14 young (57344K), 2 survivors (8192K)
 Metaspace       used 156727K, committed 159488K, reserved 1245184K
  class space    used 16796K, committed 18112K, reserved 1048576K
}
Event: 366.395 GC heap after
{Heap after GC invocations=60 (full 0):
 garbage-first heap   total reserved 8388608K, committed 1146880K, used 240964K [0x0000000600000000, 0x0000000800000000)
  region size 4096K, 2 young (8192K), 2 survivors (8192K)
 Metaspace       used 156727K, committed 159488K, reserved 1245184K
  class space    used 16796K, committed 18112K, reserved 1048576K
}
Event: 366.748 GC heap before
{Heap before GC invocations=60 (full 0):
 garbage-first heap   total reserved 8388608K, committed 1146880K, used 290116K [0x0000000600000000, 0x0000000800000000)
  region size 4096K, 14 young (57344K), 2 survivors (8192K)
 Metaspace       used 156770K, committed 159552K, reserved 1245184K
  class space    used 16796K, committed 18112K, reserved 1048576K
}
Event: 366.767 GC heap after
{Heap after GC invocations=61 (full 0):
 garbage-first heap   total reserved 8388608K, committed 1146880K, used 248133K [0x0000000600000000, 0x0000000800000000)
  region size 4096K, 2 young (8192K), 2 survivors (8192K)
 Metaspace       used 156770K, committed 159552K, reserved 1245184K
  class space    used 16796K, committed 18112K, reserved 1048576K
}
Event: 367.666 GC heap before
{Heap before GC invocations=61 (full 0):
 garbage-first heap   total reserved 8388608K, committed 1146880K, used 297285K [0x0000000600000000, 0x0000000800000000)
  region size 4096K, 14 young (57344K), 2 survivors (8192K)
 Metaspace       used 156784K, committed 159552K, reserved 1245184K
  class space    used 16796K, committed 18112K, reserved 1048576K
}
Event: 367.681 GC heap after
{Heap after GC invocations=62 (full 0):
 garbage-first heap   total reserved 8388608K, committed 1146880K, used 253322K [0x0000000600000000, 0x0000000800000000)
  region size 4096K, 2 young (8192K), 2 survivors (8192K)
 Metaspace       used 156784K, committed 159552K, reserved 1245184K
  class space    used 16796K, committed 18112K, reserved 1048576K
}
Event: 370.626 GC heap before
{Heap before GC invocations=62 (full 0):
 garbage-first heap   total reserved 8388608K, committed 1146880K, used 302474K [0x0000000600000000, 0x0000000800000000)
  region size 4096K, 14 young (57344K), 2 survivors (8192K)
 Metaspace       used 158867K, committed 161600K, reserved 1245184K
  class space    used 17011K, committed 18304K, reserved 1048576K
}
Event: 370.644 GC heap after
{Heap after GC invocations=63 (full 0):
 garbage-first heap   total reserved 8388608K, committed 1146880K, used 258585K [0x0000000600000000, 0x0000000800000000)
  region size 4096K, 2 young (8192K), 2 survivors (8192K)
 Metaspace       used 158867K, committed 161600K, reserved 1245184K
  class space    used 17011K, committed 18304K, reserved 1048576K
}
Event: 371.806 GC heap before
{Heap before GC invocations=63 (full 0):
 garbage-first heap   total reserved 8388608K, committed 1146880K, used 307737K [0x0000000600000000, 0x0000000800000000)
  region size 4096K, 14 young (57344K), 2 survivors (8192K)
 Metaspace       used 162666K, committed 165376K, reserved 1245184K
  class space    used 17471K, committed 18752K, reserved 1048576K
}
Event: 371.821 GC heap after
{Heap after GC invocations=64 (full 0):
 garbage-first heap   total reserved 8388608K, committed 1146880K, used 260517K [0x0000000600000000, 0x0000000800000000)
  region size 4096K, 1 young (4096K), 1 survivors (4096K)
 Metaspace       used 162666K, committed 165376K, reserved 1245184K
  class space    used 17471K, committed 18752K, reserved 1048576K
}
Event: 373.136 GC heap before
{Heap before GC invocations=64 (full 0):
 garbage-first heap   total reserved 8388608K, committed 1146880K, used 309669K [0x0000000600000000, 0x0000000800000000)
  region size 4096K, 14 young (57344K), 1 survivors (4096K)
 Metaspace       used 166220K, committed 168960K, reserved 1245184K
  class space    used 17861K, committed 19136K, reserved 1048576K
}
Event: 373.142 GC heap after
{Heap after GC invocations=65 (full 0):
 garbage-first heap   total reserved 8388608K, committed 1146880K, used 262396K [0x0000000600000000, 0x0000000800000000)
  region size 4096K, 1 young (4096K), 1 survivors (4096K)
 Metaspace       used 166220K, committed 168960K, reserved 1245184K
  class space    used 17861K, committed 19136K, reserved 1048576K
}
Event: 374.540 GC heap before
{Heap before GC invocations=65 (full 0):
 garbage-first heap   total reserved 8388608K, committed 1146880K, used 311548K [0x0000000600000000, 0x0000000800000000)
  region size 4096K, 14 young (57344K), 1 survivors (4096K)
 Metaspace       used 170054K, committed 172928K, reserved 1245184K
  class space    used 18234K, committed 19584K, reserved 1048576K
}
Event: 374.548 GC heap after
{Heap after GC invocations=66 (full 0):
 garbage-first heap   total reserved 8388608K, committed 1146880K, used 265264K [0x0000000600000000, 0x0000000800000000)
  region size 4096K, 2 young (8192K), 2 survivors (8192K)
 Metaspace       used 170054K, committed 172928K, reserved 1245184K
  class space    used 18234K, committed 19584K, reserved 1048576K
}
Event: 375.548 GC heap before
{Heap before GC invocations=66 (full 0):
 garbage-first heap   total reserved 8388608K, committed 1146880K, used 314416K [0x0000000600000000, 0x0000000800000000)
  region size 4096K, 14 young (57344K), 2 survivors (8192K)
 Metaspace       used 170305K, committed 173120K, reserved 1245184K
  class space    used 18245K, committed 19584K, reserved 1048576K
}
Event: 375.567 GC heap after
{Heap after GC invocations=67 (full 0):
 garbage-first heap   total reserved 8388608K, committed 1146880K, used 270639K [0x0000000600000000, 0x0000000800000000)
  region size 4096K, 2 young (8192K), 2 survivors (8192K)
 Metaspace       used 170305K, committed 173120K, reserved 1245184K
  class space    used 18245K, committed 19584K, reserved 1048576K
}
Event: 375.946 GC heap before
{Heap before GC invocations=67 (full 0):
 garbage-first heap   total reserved 8388608K, committed 1146880K, used 319791K [0x0000000600000000, 0x0000000800000000)
  region size 4096K, 14 young (57344K), 2 survivors (8192K)
 Metaspace       used 170306K, committed 173120K, reserved 1245184K
  class space    used 18245K, committed 19584K, reserved 1048576K
}

